<?xml version="1.0" encoding="UTF-8"?>
<!-- Generated by org.testng.reporters.JUnitXMLReporter -->
<testsuite ignored="0" hostname="DESKTOP-OF3OC9C" failures="0" tests="3" name="Default test" time="0.032" errors="0" timestamp="2023-08-10T10:24:07 IST">
  <testcase classname="testNGAnnotations.BeforeClassAnnotation" name="HomePage" time="0.003"/>
  <testcase classname="testNGAnnotations.BeforeClassAnnotation" name="Login" time="0.001"/>
  <testcase classname="testNGAnnotations.BeforeClassAnnotation" name="Register" time="0.001"/>
</testsuite> <!-- Default test -->
