<?xml version="1.0" encoding="UTF-8"?>
<!-- Generated by org.testng.reporters.JUnitXMLReporter -->
<testsuite ignored="1" hostname="DESKTOP-OF3OC9C" failures="0" tests="1" name="Default test" time="4.892" errors="0" timestamp="2023-08-17T10:59:43 IST">
  <testcase classname="selectClass.MultiSelect" name="GetAllOptions" time="0.054"/>
  <testcase classname="selectClass.MultiSelect" name="SelectMultipleOptions" time="0.0">
    <ignored/>
  </testcase> <!-- SelectMultipleOptions -->
</testsuite> <!-- Default test -->
