<?xml version="1.0" encoding="UTF-8"?>
<!-- Generated by org.testng.reporters.JUnitXMLReporter -->
<testsuite ignored="0" hostname="DESKTOP-OF3OC9C" failures="0" tests="3" name="Default test" time="0.033" errors="0" timestamp="2023-08-10T17:50:46 IST">
  <testcase classname="listenersAnnotation.DataProviderAttribute" name="TestLogin" time="0.004"/>
  <testcase classname="listenersAnnotation.DataProviderAttribute" name="TestLogin" time="0.001"/>
  <testcase classname="listenersAnnotation.DataProviderAttribute" name="TestLogin" time="0.0"/>
</testsuite> <!-- Default test -->
