<?xml version="1.0" encoding="UTF-8"?>
<testng-results ignored="0" total="1" passed="1" failed="0" skipped="0">
  <reporter-output>
  </reporter-output>
  <suite started-at="2023-08-17T10:59:38 IST" name="Default suite" finished-at="2023-08-17T10:59:43 IST" duration-ms="4892">
    <groups>
    </groups>
    <test started-at="2023-08-17T10:59:38 IST" name="Default test" finished-at="2023-08-17T10:59:43 IST" duration-ms="4892">
      <class name="selectClass.MultiSelect">
        <test-method is-config="true" signature="LaunchBrowser()[pri:0, instance:selectClass.MultiSelect@57bc27f5]" started-at="2023-08-17T10:59:38 IST" name="LaunchBrowser" finished-at="2023-08-17T10:59:43 IST" duration-ms="4747" status="PASS">
          <reporter-output>
          </reporter-output>
        </test-method> <!-- LaunchBrowser -->
        <test-method signature="GetAllOptions()[pri:0, instance:selectClass.MultiSelect@57bc27f5]" started-at="2023-08-17T10:59:43 IST" name="GetAllOptions" finished-at="2023-08-17T10:59:43 IST" duration-ms="54" status="PASS">
          <reporter-output>
          </reporter-output>
        </test-method> <!-- GetAllOptions -->
        <test-method is-config="true" signature="TearDown()[pri:0, instance:selectClass.MultiSelect@57bc27f5]" started-at="2023-08-17T10:59:43 IST" name="TearDown" finished-at="2023-08-17T10:59:43 IST" duration-ms="74" status="PASS">
          <reporter-output>
          </reporter-output>
        </test-method> <!-- TearDown -->
      </class> <!-- selectClass.MultiSelect -->
    </test> <!-- Default test -->
  </suite> <!-- Default suite -->
</testng-results>
