<?xml version="1.0" encoding="UTF-8"?>
<testng-results ignored="0" total="3" passed="3" failed="0" skipped="0">
  <reporter-output>
  </reporter-output>
  <suite started-at="2023-08-10T17:50:46 IST" name="Default suite" finished-at="2023-08-10T17:50:46 IST" duration-ms="33">
    <groups>
    </groups>
    <test started-at="2023-08-10T17:50:46 IST" name="Default test" finished-at="2023-08-10T17:50:46 IST" duration-ms="33">
      <class name="listenersAnnotation.DataProviderAttribute">
        <test-method signature="TestLogin(java.lang.String,java.lang.String)[pri:0, instance:listenersAnnotation.DataProviderAttribute@76b1e9b8]" started-at="2023-08-10T17:50:46 IST" name="TestLogin" data-provider="dp" finished-at="2023-08-10T17:50:46 IST" duration-ms="4" status="PASS">
          <params>
            <param index="0">
              <value>
                <![CDATA[Ram]]>
              </value>
            </param>
            <param index="1">
              <value>
                <![CDATA[134]]>
              </value>
            </param>
          </params>
          <reporter-output>
          </reporter-output>
        </test-method> <!-- TestLogin -->
        <test-method signature="TestLogin(java.lang.String,java.lang.String)[pri:0, instance:listenersAnnotation.DataProviderAttribute@76b1e9b8]" started-at="2023-08-10T17:50:46 IST" name="TestLogin" data-provider="dp" finished-at="2023-08-10T17:50:46 IST" duration-ms="1" status="PASS">
          <params>
            <param index="0">
              <value>
                <![CDATA[Narayan]]>
              </value>
            </param>
            <param index="1">
              <value>
                <![CDATA[589]]>
              </value>
            </param>
          </params>
          <reporter-output>
          </reporter-output>
        </test-method> <!-- TestLogin -->
        <test-method signature="TestLogin(java.lang.String,java.lang.String)[pri:0, instance:listenersAnnotation.DataProviderAttribute@76b1e9b8]" started-at="2023-08-10T17:50:46 IST" name="TestLogin" data-provider="dp" finished-at="2023-08-10T17:50:46 IST" duration-ms="0" status="PASS">
          <params>
            <param index="0">
              <value>
                <![CDATA[Vivek]]>
              </value>
            </param>
            <param index="1">
              <value>
                <![CDATA[554]]>
              </value>
            </param>
          </params>
          <reporter-output>
          </reporter-output>
        </test-method> <!-- TestLogin -->
      </class> <!-- listenersAnnotation.DataProviderAttribute -->
    </test> <!-- Default test -->
  </suite> <!-- Default suite -->
</testng-results>
