<?xml version="1.0" encoding="UTF-8"?>
<!-- Generated by org.testng.reporters.JUnitXMLReporter -->
<testsuite ignored="6" hostname="DESKTOP-OF3OC9C" failures="0" tests="3" name="Test" time="0.032" errors="0" timestamp="2023-08-10T17:23:56 IST">
  <testcase classname="groupsByAttribute.Class3" name="TestMethod9" time="0.005"/>
  <testcase classname="groupsByAttribute.Class1" name="TestMethod1" time="0.001"/>
  <testcase classname="groupsByAttribute.Class2" name="TestMethod5" time="0.002"/>
  <testcase classname="groupsByAttribute.Class1" name="TestMethod2" time="0.0">
    <ignored/>
  </testcase> <!-- TestMethod2 -->
  <testcase classname="groupsByAttribute.Class3" name="TestMethod8" time="0.0">
    <ignored/>
  </testcase> <!-- TestMethod8 -->
  <testcase classname="groupsByAttribute.Class1" name="TestMethod3" time="0.0">
    <ignored/>
  </testcase> <!-- TestMethod3 -->
  <testcase classname="groupsByAttribute.Class2" name="TestMethod4" time="0.0">
    <ignored/>
  </testcase> <!-- TestMethod4 -->
  <testcase classname="groupsByAttribute.Class2" name="TestMethod6" time="0.0">
    <ignored/>
  </testcase> <!-- TestMethod6 -->
  <testcase classname="groupsByAttribute.Class3" name="TestMethod7" time="0.0">
    <ignored/>
  </testcase> <!-- TestMethod7 -->
</testsuite> <!-- Test -->
