<?xml version="1.0" encoding="UTF-8"?>
<!-- Generated by org.testng.reporters.JUnitXMLReporter -->
<testsuite ignored="1" hostname="DESKTOP-OF3OC9C" failures="0" tests="3" name="Test" time="0.03" errors="0" timestamp="2023-08-10T12:09:54 IST">
  <testcase classname="testNGAnnotations.DataProviderAnnotation" name="LoginTest" time="0.004"/>
  <testcase classname="testNGAnnotations.DataProviderAnnotation" name="LoginTest" time="0.0"/>
  <testcase classname="testNGAnnotations.DataProviderAnnotation" name="LoginTest" time="0.001"/>
  <testcase classname="testNGAnnotations.ParameterizationAnnotation" name="LaunchBrowser" time="0.0">
    <ignored/>
  </testcase> <!-- LaunchBrowser -->
</testsuite> <!-- Test -->
