<?xml version="1.0" encoding="UTF-8"?>
<!-- Generated by org.testng.reporters.JUnitXMLReporter -->
<testsuite ignored="0" hostname="DESKTOP-OF3OC9C" failures="0" tests="4" name="Test" time="6.03" errors="0" timestamp="2023-08-11T10:35:50 IST">
  <testcase classname="testNGAnnotations.ParameterizationAnnotation" name="LaunchBrowser" time="6.001"/>
  <testcase classname="testNGAnnotations.DataProviderAnnotation" name="LoginTest" time="0.0"/>
  <testcase classname="testNGAnnotations.DataProviderAnnotation" name="LoginTest" time="0.001"/>
  <testcase classname="testNGAnnotations.DataProviderAnnotation" name="LoginTest" time="0.001"/>
</testsuite> <!-- Test -->
